# JRE version: OpenJDK Runtime Environment Temurin-17.0.4.1+1 (17.0.4.1+1) (build 17.0.4.1+1)
# Java VM: OpenJDK 64-Bit Server VM Temurin-17.0.4.1+1 (17.0.4.1+1, mixed mode, tiered, compressed oops, compressed class ptrs, g1 gc, windows-amd64)
GC Precious Log:
 CPUs: 4 total, 4 available
 Memory: 2980M
 Large Page Support: Disabled
 NUMA Support: Disabled
 Compressed Oops: Enabled (32-bit)
 Heap Region Size: 1M
 Heap Min Capacity: 8M
 Heap Initial Capacity: 48M
 Heap Max Capacity: 746M
 Pre-touch: Disabled
 Parallel Workers: 4
 Concurrent Workers: 1
 Concurrent Refinement Workers: 4
 Periodic GC: Disabled
Heap:
 garbage-first heap   total 30720K, used 15046K [0x00000000d1600000, 0x0000000100000000)
  region size 1024K, 3 young (3072K), 1 survivors (1024K)
 Metaspace       used 25998K, committed 26176K, reserved 1073152K
  class space    used 2944K, committed 3008K, reserved 1048576K
GC Heap History (10 events):
Event: 1.088 GC heap before
{Heap before GC invocations=0 (full 0):
 garbage-first heap   total 49152K, used 15360K [0x00000000d1600000, 0x0000000100000000)
  region size 1024K, 13 young (13312K), 0 survivors (0K)
 Metaspace       used 13655K, committed 13824K, reserved 1064960K
  class space    used 1401K, committed 1472K, reserved 1048576K
}
Event: 1.097 GC heap after
{Heap after GC invocations=1 (full 0):
 garbage-first heap   total 49152K, used 4515K [0x00000000d1600000, 0x0000000100000000)
  region size 1024K, 2 young (2048K), 2 survivors (2048K)
 Metaspace       used 13655K, committed 13824K, reserved 1064960K
  class space    used 1401K, committed 1472K, reserved 1048576K
}
Event: 5.841 GC heap before
{Heap before GC invocations=1 (full 0):
 garbage-first heap   total 49152K, used 18851K [0x00000000d1600000, 0x0000000100000000)
  region size 1024K, 17 young (17408K), 2 survivors (2048K)
 Metaspace       used 19532K, committed 19712K, reserved 1073152K
  class space    used 2055K, committed 2112K, reserved 1048576K
}
Event: 5.854 GC heap after
{Heap after GC invocations=2 (full 0):
 garbage-first heap   total 49152K, used 6762K [0x00000000d1600000, 0x0000000100000000)
  region size 1024K, 3 young (3072K), 3 survivors (3072K)
 Metaspace       used 19532K, committed 19712K, reserved 1073152K
  class space    used 2055K, committed 2112K, reserved 1048576K
}
Event: 6.075 GC heap before
{Heap before GC invocations=2 (full 0):
 garbage-first heap   total 49152K, used 12906K [0x00000000d1600000, 0x0000000100000000)
  region size 1024K, 10 young (10240K), 3 survivors (3072K)
 Metaspace       used 21361K, committed 21504K, reserved 1073152K
  class space    used 2335K, committed 2432K, reserved 1048576K
}
Event: 6.079 GC heap after
{Heap after GC invocations=3 (full 0):
 garbage-first heap   total 49152K, used 7160K [0x00000000d1600000, 0x0000000100000000)
  region size 1024K, 3 young (3072K), 3 survivors (3072K)
 Metaspace       used 21361K, committed 21504K, reserved 1073152K
  class space    used 2335K, committed 2432K, reserved 1048576K
}
Event: 24.689 GC heap before
{Heap before GC invocations=4 (full 0):
 garbage-first heap   total 30720K, used 22520K [0x00000000d1600000, 0x0000000100000000)
  region size 1024K, 14 young (14336K), 3 survivors (3072K)
 Metaspace       used 24634K, committed 24832K, reserved 1073152K
  class space    used 2798K, committed 2880K, reserved 1048576K
}
Event: 24.699 GC heap after
{Heap after GC invocations=5 (full 0):
 garbage-first heap   total 30720K, used 13493K [0x00000000d1600000, 0x0000000100000000)
  region size 1024K, 2 young (2048K), 2 survivors (2048K)
 Metaspace       used 24634K, committed 24832K, reserved 1073152K
  class space    used 2798K, committed 2880K, reserved 1048576K
}
Event: 24.768 GC heap before
{Heap before GC invocations=5 (full 0):
 garbage-first heap   total 30720K, used 14517K [0x00000000d1600000, 0x0000000100000000)
  region size 1024K, 3 young (3072K), 2 survivors (2048K)
 Metaspace       used 25670K, committed 25856K, reserved 1073152K
  class space    used 2899K, committed 3008K, reserved 1048576K
}
Event: 24.775 GC heap after
{Heap after GC invocations=6 (full 0):
 garbage-first heap   total 30720K, used 14022K [0x00000000d1600000, 0x0000000100000000)
  region size 1024K, 1 young (1024K), 1 survivors (1024K)
 Metaspace       used 25670K, committed 25856K, reserved 1073152K
  class space    used 2899K, committed 3008K, reserved 1048576K
}

